Using pre-set license
Built from '2021.3/staging' branch; Version is '2021.3.8f1 (b30333d56e81) revision 11731763'; Using compiler version '192829333'; Build Type 'Release'
OS: 'Windows 10  (10.0.19043) 64bit Professional' Language: 'uk' Physical Memory: 16226 MB
BatchMode: 1, IsHumanControllingUs: 0, StartBugReporterOnCrash: 0, Is64bit: 1, IsPro: 1

COMMAND LINE ARGUMENTS:
D:\Programs(for Study)\Unity\Unity Editor\2021.3.8f1\Editor\Unity.exe
-adb2
-batchMode
-noUpm
-name
AssetImportWorker0
-projectPath
D:/Tasks/Task # 1/Task 1
-logFile
Logs/AssetImportWorker0.log
-srvPort
51182
Successfully changed project path to: D:/Tasks/Task # 1/Task 1
D:/Tasks/Task # 1/Task 1
[UnityMemory] Configuration Parameters - Can be set up in boot.config
    "memorysetup-bucket-allocator-granularity=16"
    "memorysetup-bucket-allocator-bucket-count=8"
    "memorysetup-bucket-allocator-block-size=33554432"
    "memorysetup-bucket-allocator-block-count=8"
    "memorysetup-main-allocator-block-size=16777216"
    "memorysetup-thread-allocator-block-size=16777216"
    "memorysetup-gfx-main-allocator-block-size=16777216"
    "memorysetup-gfx-thread-allocator-block-size=16777216"
    "memorysetup-cache-allocator-block-size=4194304"
    "memorysetup-typetree-allocator-block-size=2097152"
    "memorysetup-profiler-bucket-allocator-granularity=16"
    "memorysetup-profiler-bucket-allocator-bucket-count=8"
    "memorysetup-profiler-bucket-allocator-block-size=33554432"
    "memorysetup-profiler-bucket-allocator-block-count=8"
    "memorysetup-profiler-allocator-block-size=16777216"
    "memorysetup-profiler-editor-allocator-block-size=1048576"
    "memorysetup-temp-allocator-size-main=16777216"
    "memorysetup-job-temp-allocator-block-size=2097152"
    "memorysetup-job-temp-allocator-block-size-background=1048576"
    "memorysetup-job-temp-allocator-reduction-small-platforms=262144"
    "memorysetup-temp-allocator-size-background-worker=32768"
    "memorysetup-temp-allocator-size-job-worker=262144"
    "memorysetup-temp-allocator-size-preload-manager=33554432"
    "memorysetup-temp-allocator-size-nav-mesh-worker=65536"
    "memorysetup-temp-allocator-size-audio-worker=65536"
    "memorysetup-temp-allocator-size-cloud-worker=32768"
    "memorysetup-temp-allocator-size-gi-baking-worker=262144"
    "memorysetup-temp-allocator-size-gfx=262144"
Refreshing native plugins compatible for Editor in 416.09 ms, found 7 plugins.
Preloading 0 native plugins for Editor in 0.00 ms.
Initialize engine version: 2021.3.8f1 (b30333d56e81)
[Subsystems] Discovering subsystems at path D:/Programs(for Study)/Unity/Unity Editor/2021.3.8f1/Editor/Data/Resources/UnitySubsystems
[Subsystems] Discovering subsystems at path D:/Tasks/Task # 1/Task 1/Assets
GfxDevice: creating device client; threaded=0; jobified=0
Direct3D:
    Version:  Direct3D 11.0 [level 11.1]
    Renderer: NVIDIA GeForce GTX 1050 (ID=0x1c8d)
    Vendor:   NVIDIA
    VRAM:     4019 MB
    Driver:   31.0.15.2206
Initialize mono
Mono path[0] = 'D:/Programs(for Study)/Unity/Unity Editor/2021.3.8f1/Editor/Data/Managed'
Mono path[1] = 'D:/Programs(for Study)/Unity/Unity Editor/2021.3.8f1/Editor/Data/MonoBleedingEdge/lib/mono/unityjit-win32'
Mono config path = 'D:/Programs(for Study)/Unity/Unity Editor/2021.3.8f1/Editor/Data/MonoBleedingEdge/etc'
Using monoOptions --debugger-agent=transport=dt_socket,embedding=1,server=y,suspend=n,address=127.0.0.1:56320
Begin MonoManager ReloadAssembly
Registering precompiled unity dll's ...
Register platform support module: D:/Programs(for Study)/Unity/Unity Editor/2021.3.8f1/Editor/Data/PlaybackEngines/WebGLSupport/UnityEditor.WebGL.Extensions.dll
Register platform support module: D:/Programs(for Study)/Unity/Unity Editor/2021.3.8f1/Editor/Data/PlaybackEngines/AndroidPlayer/UnityEditor.Android.Extensions.dll
Register platform support module: D:/Programs(for Study)/Unity/Unity Editor/2021.3.8f1/Editor/Data/PlaybackEngines/WindowsStandaloneSupport/UnityEditor.WindowsStandalone.Extensions.dll
Registered in 0.007713 seconds.
Native extension for WindowsStandalone target not found
Native extension for Android target not found
Native extension for WebGL target not found
Refreshing native plugins compatible for Editor in 397.43 ms, found 7 plugins.
Preloading 0 native plugins for Editor in 0.00 ms.
Mono: successfully reloaded assembly
- Completed reload, in  1.647 seconds
Domain Reload Profiling:
	ReloadAssembly (1648ms)
		BeginReloadAssembly (140ms)
			ExecutionOrderSort (0ms)
			DisableScriptedObjects (0ms)
			BackupInstance (0ms)
			ReleaseScriptingObjects (0ms)
			CreateAndSetChildDomain (1ms)
		EndReloadAssembly (1266ms)
			LoadAssemblies (139ms)
			RebuildTransferFunctionScriptingTraits (0ms)
			SetupTypeCache (267ms)
			ReleaseScriptCaches (0ms)
			RebuildScriptCaches (70ms)
			SetupLoadedEditorAssemblies (817ms)
				LogAssemblyErrors (0ms)
				InitializePlatformSupportModulesInManaged (125ms)
				SetLoadedEditorAssemblies (0ms)
				RefreshPlugins (398ms)
				BeforeProcessingInitializeOnLoad (2ms)
				ProcessInitializeOnLoadAttributes (199ms)
				ProcessInitializeOnLoadMethodAttributes (93ms)
				AfterProcessingInitializeOnLoad (0ms)
				EditorAssembliesLoaded (0ms)
			ExecutionOrderSort2 (0ms)
			AwakeInstancesAfterBackupRestoration (0ms)
Platform modules already initialized, skipping
Registering precompiled user dll's ...
Registered in 0.013596 seconds.
Begin MonoManager ReloadAssembly
Symbol file LoadedFromMemory doesn't match image D:\Tasks\Task # 1\Task 1\Library\PackageCache\com.unity.visualscripting@1.7.8\Editor\VisualScripting.Core\Dependencies\DotNetZip\Unity.VisualScripting.IonicZip.dll
Symbol file LoadedFromMemory doesn't match image D:\Tasks\Task # 1\Task 1\Library\PackageCache\com.unity.visualscripting@1.7.8\Editor\VisualScripting.Core\Dependencies\YamlDotNet\Unity.VisualScripting.YamlDotNet.dll
Native extension for WindowsStandalone target not found
Native extension for Android target not found
Native extension for WebGL target not found
Refreshing native plugins compatible for Editor in 420.16 ms, found 7 plugins.
Preloading 0 native plugins for Editor in 0.00 ms.
Mono: successfully reloaded assembly
Package Manager log level set to [2]
- Completed reload, in  3.434 seconds
Domain Reload Profiling:
	ReloadAssembly (3435ms)
		BeginReloadAssembly (326ms)
			ExecutionOrderSort (0ms)
			DisableScriptedObjects (12ms)
			BackupInstance (0ms)
			ReleaseScriptingObjects (1ms)
			CreateAndSetChildDomain (156ms)
		EndReloadAssembly (2860ms)
			LoadAssemblies (165ms)
			RebuildTransferFunctionScriptingTraits (0ms)
			SetupTypeCache (694ms)
			ReleaseScriptCaches (2ms)
			RebuildScriptCaches (185ms)
			SetupLoadedEditorAssemblies (1680ms)
				LogAssemblyErrors (0ms)
				InitializePlatformSupportModulesInManaged (32ms)
				SetLoadedEditorAssemblies (0ms)
				RefreshPlugins (420ms)
				BeforeProcessingInitializeOnLoad (271ms)
				ProcessInitializeOnLoadAttributes (756ms)
				ProcessInitializeOnLoadMethodAttributes (194ms)
				AfterProcessingInitializeOnLoad (6ms)
				EditorAssembliesLoaded (0ms)
			ExecutionOrderSort2 (0ms)
			AwakeInstancesAfterBackupRestoration (12ms)
Platform modules already initialized, skipping
========================================================================
Worker process is ready to serve import requests
Launched and connected shader compiler UnityShaderCompiler.exe after 0.07 seconds
Refreshing native plugins compatible for Editor in 5.07 ms, found 7 plugins.
Preloading 0 native plugins for Editor in 0.00 ms.
Unloading 6106 Unused Serialized files (Serialized files now loaded: 0)
Unloading 96 unused Assets / (1.4 MB). Loaded Objects now: 6556.
Memory consumption went from 290.6 MB to 289.2 MB.
Total: 10.769700 ms (FindLiveObjects: 1.093000 ms CreateObjectMapping: 0.942200 ms MarkObjects: 7.037000 ms  DeleteObjects: 1.695800 ms)

AssetImportParameters requested are different than current active one (requested -> active):
  custom:video-decoder-ogg-theora: a1e56fd34408186e4bbccfd4996cb3dc -> 
  custom:container-muxer-webm: aa71ff27fc2769a1b78a27578f13a17b -> 
  custom:container-demuxer-webm: 4f35f7cbe854078d1ac9338744f61a02 -> 
  custom:video-encoder-webm-vp8: eb34c28f22e8b96e1ab97ce403110664 -> 
  custom:audio-encoder-webm-vorbis: bf7c407c2cedff20999df2af8eb42d56 -> 
  custom:framework-win-MediaFoundation: 216162199b28c13a410421893ffa2e32 -> 
  custom:container-demuxer-ogg: 62fdf1f143b41e24485cea50d1cbac27 -> 
  custom:video-decoder-webm-vp8: 9c59270c3fd7afecdb556c50c9e8de78 -> 
  custom:audio-decoder-ogg-vorbis: bf7c407c2cedff20999df2af8eb42d56 -> 
========================================================================
Received Import Request.
  Time since last request: 5178.189995 seconds.
  path: Assets/Untwist Road/Prefabs/Triggers/SpawnOn.prefab
  artifactKey: Guid(a58284b336e2194498f562a4c3a34825) Importer(815301076,1909f56bfc062723c751e8b465ee728b)
Start importing Assets/Untwist Road/Prefabs/Triggers/SpawnOn.prefab using Guid(a58284b336e2194498f562a4c3a34825) Importer(815301076,1909f56bfc062723c751e8b465ee728b)  -> (artifact id: '7780d7c04e84ab2ddd3c7094d820b751') in 0.084721 seconds 
========================================================================
Received Import Request.
  Time since last request: 0.000033 seconds.
  path: Assets/Untwist Road/Prefabs/Player/Box.prefab
  artifactKey: Guid(f15a0f3d138c68e418e98a87d194ae78) Importer(815301076,1909f56bfc062723c751e8b465ee728b)
Start importing Assets/Untwist Road/Prefabs/Player/Box.prefab using Guid(f15a0f3d138c68e418e98a87d194ae78) Importer(815301076,1909f56bfc062723c751e8b465ee728b)  -> (artifact id: 'e47b54e7e730dca1e8ad8e312a03f4a8') in 0.921101 seconds 
========================================================================
Received Import Request.
  Time since last request: 0.000055 seconds.
  path: Assets/Untwist Road/Prefabs/Triggers/GroundOff.prefab
  artifactKey: Guid(dc96c6bf2d1f4614ea1eedfe7718e1fc) Importer(815301076,1909f56bfc062723c751e8b465ee728b)
Start importing Assets/Untwist Road/Prefabs/Triggers/GroundOff.prefab using Guid(dc96c6bf2d1f4614ea1eedfe7718e1fc) Importer(815301076,1909f56bfc062723c751e8b465ee728b)  -> (artifact id: 'e3a272ad7b07088fc95a1a79bb7bc4d5') in 0.011101 seconds 
========================================================================
Received Import Request.
  Time since last request: 0.000061 seconds.
  path: Assets/Untwist Road/Prefabs/Others/Capsule.prefab
  artifactKey: Guid(24dd825212ac21548a065f81945368ae) Importer(815301076,1909f56bfc062723c751e8b465ee728b)
Start importing Assets/Untwist Road/Prefabs/Others/Capsule.prefab using Guid(24dd825212ac21548a065f81945368ae) Importer(815301076,1909f56bfc062723c751e8b465ee728b) Shader error in 'FlatKit/Stylized Surface': Couldn't open include file 'LibraryUrp/StylizedInput.hlsl'. at line 174

Compiling Subshader: 0, Pass: ForwardLit, Vertex program with DR_RIM_ON _ADDITIONAL_LIGHTS _CELPRIMARYMODE_SINGLE _MAIN_LIGHT_SHADOWS _TEXTUREBLENDINGMODE_MULTIPLY
Platform defines: SHADER_API_MOBILE UNITY_COLORSPACE_GAMMA UNITY_ENABLE_REFLECTION_BUFFERS UNITY_LIGHTMAP_DLDR_ENCODING UNITY_NO_CUBEMAP_ARRAY UNITY_NO_DXT5nm UNITY_NO_RGBM UNITY_NO_SCREENSPACE_SHADOWS UNITY_PBS_USE_BRDF2
Disabled keywords: DIRLIGHTMAP_COMBINED DOTS_INSTANCING_ON DR_CEL_EXTRA_ON DR_ENABLE_LIGHTMAP_DIR DR_GRADIENT_ON DR_SPECULAR_ON DR_VERTEX_COLORS_ON DYNAMICLIGHTMAP_ON FOG_EXP FOG_EXP2 FOG_LINEAR INSTANCING_ON LIGHTMAP_ON LIGHTMAP_SHADOW_MIXING SHADER_API_GLES30 SHADOWS_SHADOWMASK UNITY_ASTC_NORMALMAP_ENCODING UNITY_ENABLE_DETAIL_NORMALMAP UNITY_ENABLE_NATIVE_SHADOW_LOOKUPS UNITY_FRAMEBUFFER_FETCH_AVAILABLE UNITY_HALF_PRECISION_FRAGMENT_SHADER_REGISTERS UNITY_HARDWARE_TIER1 UNITY_HARDWARE_TIER2 UNITY_HARDWARE_TIER3 UNITY_LIGHTMAP_FULL_HDR UNITY_LIGHTMAP_RGBM_ENCODING UNITY_LIGHT_PROBE_PROXY_VOLUME UNITY_METAL_SHADOWS_USE_POINT_FILTERING UNITY_NO_FULL_STANDARD_SHADER UNITY_PBS_USE_BRDF1 UNITY_PBS_USE_BRDF3 UNITY_PRETRANSFORM_TO_DISPLAY_ORIENTATION UNITY_SPECCUBE_BLENDING UNITY_SPECCUBE_BOX_PROJECTION UNITY_UNIFIED_SHADER_PRECISION_MODEL UNITY_USE_DITHER_MASK_FOR_ALPHABLENDED_SHADOWS UNITY_VIRTUAL_TEXTURING _ADDITIONAL_LIGHTS_VERTEX _CELPRIMARYMODE_CURVE _CELPRIMARYMODE_STEPS _CLUSTERED_RENDERING _FORWARD_PLUS _MAIN_LIGHT_SHADOWS_CASCADE _MAIN_LIGHT_SHADOWS_SCREEN _NORMALMAP _RECEIVE_SHADOWS_OFF _TEXTUREBLENDINGMODE_ADD _UNITYSHADOWMODE_COLOR _UNITYSHADOWMODE_MULTIPLY _UNITYSHADOW_OCCLUSION
Shader error in 'FlatKit/Stylized Surface': Couldn't open include file 'LibraryUrp/StylizedInput.hlsl'. at line 174

Compiling Subshader: 0, Pass: ForwardLit, Vertex program with DR_RIM_ON _ADDITIONAL_LIGHTS _CELPRIMARYMODE_SINGLE _MAIN_LIGHT_SHADOWS _TEXTUREBLENDINGMODE_MULTIPLY
Platform defines: SHADER_API_MOBILE UNITY_COLORSPACE_GAMMA UNITY_ENABLE_REFLECTION_BUFFERS UNITY_LIGHTMAP_DLDR_ENCODING UNITY_NO_CUBEMAP_ARRAY UNITY_NO_DXT5nm UNITY_NO_RGBM UNITY_NO_SCREENSPACE_SHADOWS UNITY_PBS_USE_BRDF2
Disabled keywords: DIRLIGHTMAP_COMBINED DOTS_INSTANCING_ON DR_CEL_EXTRA_ON DR_ENABLE_LIGHTMAP_DIR DR_GRADIENT_ON DR_SPECULAR_ON DR_VERTEX_COLORS_ON DYNAMICLIGHTMAP_ON FOG_EXP FOG_EXP2 FOG_LINEAR INSTANCING_ON LIGHTMAP_ON LIGHTMAP_SHADOW_MIXING SHADER_API_GLES30 SHADOWS_SHADOWMASK UNITY_ASTC_NORMALMAP_ENCODING UNITY_ENABLE_DETAIL_NORMALMAP UNITY_ENABLE_NATIVE_SHADOW_LOOKUPS UNITY_FRAMEBUFFER_FETCH_AVAILABLE UNITY_HALF_PRECISION_FRAGMENT_SHADER_REGISTERS UNITY_HARDWARE_TIER1 UNITY_HARDWARE_TIER2 UNITY_HARDWARE_TIER3 UNITY_LIGHTMAP_FULL_HDR UNITY_LIGHTMAP_RGBM_ENCODING UNITY_LIGHT_PROBE_PROXY_VOLUME UNITY_METAL_SHADOWS_USE_POINT_FILTERING UNITY_NO_FULL_STANDARD_SHADER UNITY_PBS_USE_BRDF1 UNITY_PBS_USE_BRDF3 UNITY_PRETRANSFORM_TO_DISPLAY_ORIENTATION UNITY_SPECCUBE_BLENDING UNITY_SPECCUBE_BOX_PROJECTION UNITY_UNIFIED_SHADER_PRECISION_MODEL UNITY_USE_DITHER_MASK_FOR_ALPHABLENDED_SHADOWS UNITY_VIRTUAL_TEXTURING _ADDITIONAL_LIGHTS_VERTEX _CELPRIMARYMODE_CURVE _CELPRIMARYMODE_STEPS _CLUSTERED_RENDERING _FORWARD_PLUS _MAIN_LIGHT_SHADOWS_CASCADE _MAIN_LIGHT_SHADOWS_SCREEN _NORMALMAP _RECEIVE_SHADOWS_OFF _TEXTUREBLENDINGMODE_ADD _UNITYSHADOWMODE_COLOR _UNITYSHADOWMODE_MULTIPLY _UNITYSHADOW_OCCLUSION
 -> (artifact id: '58feb3b329d1480dc15fd0decb02848d') in 0.044679 seconds 
========================================================================
Received Import Request.
  Time since last request: 0.000047 seconds.
  path: Assets/Untwist Road/Prefabs/Others/Wall.prefab
  artifactKey: Guid(ef27d47d5a13bb346bde970976491d0e) Importer(815301076,1909f56bfc062723c751e8b465ee728b)
Start importing Assets/Untwist Road/Prefabs/Others/Wall.prefab using Guid(ef27d47d5a13bb346bde970976491d0e) Importer(815301076,1909f56bfc062723c751e8b465ee728b)  -> (artifact id: '0858cc3a8555b128779b3815595c9be2') in 0.023679 seconds 
========================================================================
Received Import Request.
  Time since last request: 0.000068 seconds.
  path: Assets/Untwist Road/Prefabs/Others/Window.prefab
  artifactKey: Guid(7535ba3e3ba5bf14b9f836fb251db932) Importer(815301076,1909f56bfc062723c751e8b465ee728b)
Start importing Assets/Untwist Road/Prefabs/Others/Window.prefab using Guid(7535ba3e3ba5bf14b9f836fb251db932) Importer(815301076,1909f56bfc062723c751e8b465ee728b)  -> (artifact id: '2ef421a188cb2bdc9b344641352672e3') in 0.022740 seconds 
========================================================================
Received Import Request.
  Time since last request: 5.114001 seconds.
  path: Assets/Untwist Road/Prefabs/CustomEditor/Players.prefab
  artifactKey: Guid(a7342d2912633f74b8470ffb18f3ca15) Importer(815301076,1909f56bfc062723c751e8b465ee728b)
Start importing Assets/Untwist Road/Prefabs/CustomEditor/Players.prefab using Guid(a7342d2912633f74b8470ffb18f3ca15) Importer(815301076,1909f56bfc062723c751e8b465ee728b)  -> (artifact id: '32c90b7f1d265d8bc000f29a4d5ef22e') in 0.363275 seconds 
========================================================================
Received Import Request.
  Time since last request: 0.102781 seconds.
  path: Assets/Untwist Road/Prefabs/CustomEditor/Window.prefab
  artifactKey: Guid(7d976c99edb44eb4bb6920d2ae3c5907) Importer(815301076,1909f56bfc062723c751e8b465ee728b)
Start importing Assets/Untwist Road/Prefabs/CustomEditor/Window.prefab using Guid(7d976c99edb44eb4bb6920d2ae3c5907) Importer(815301076,1909f56bfc062723c751e8b465ee728b)  -> (artifact id: '06a1df35bd94f89fd01e64f33d0f1e06') in 0.018606 seconds 
========================================================================
Received Import Request.
  Time since last request: 10.339529 seconds.
  path: Assets/Untwist Road/Particle/Particle System.prefab
  artifactKey: Guid(b05dfdc73265b804fbbecca8b70d4e66) Importer(815301076,1909f56bfc062723c751e8b465ee728b)
Start importing Assets/Untwist Road/Particle/Particle System.prefab using Guid(b05dfdc73265b804fbbecca8b70d4e66) Importer(815301076,1909f56bfc062723c751e8b465ee728b)  -> (artifact id: 'e4f801baf4ec0d65f70ffced9cc23d73') in 0.022755 seconds 
========================================================================
Received Import Request.
  Time since last request: 0.069190 seconds.
  path: Assets/Untwist Road/Particle/New Material.mat
  artifactKey: Guid(b58447a8ba5208f42abb081b64410fa1) Importer(815301076,1909f56bfc062723c751e8b465ee728b)
Start importing Assets/Untwist Road/Particle/New Material.mat using Guid(b58447a8ba5208f42abb081b64410fa1) Importer(815301076,1909f56bfc062723c751e8b465ee728b)  -> (artifact id: '4bb638ddb45a8467e4bcb5f5b5381b12') in 0.040712 seconds 
========================================================================
Received Import Request.
  Time since last request: 0.256466 seconds.
  path: Assets/Untwist Road/Particle/Particle.renderTexture
  artifactKey: Guid(8d7318c958e9f214b9826f26c79c7c0b) Importer(815301076,1909f56bfc062723c751e8b465ee728b)
Start importing Assets/Untwist Road/Particle/Particle.renderTexture using Guid(8d7318c958e9f214b9826f26c79c7c0b) Importer(815301076,1909f56bfc062723c751e8b465ee728b)  -> (artifact id: '7956ca37756645c22755e157fd91b7d9') in 0.025749 seconds 
========================================================================
Received Import Request.
  Time since last request: 77.565802 seconds.
  path: Assets/Level_1.unity
  artifactKey: Guid(6e968e7419ba0d9449c764e5695609a0) Importer(815301076,1909f56bfc062723c751e8b465ee728b)
Start importing Assets/Level_1.unity using Guid(6e968e7419ba0d9449c764e5695609a0) Importer(815301076,1909f56bfc062723c751e8b465ee728b)  -> (artifact id: '3a4775b5f0acb5973e45aa560cd8755e') in 0.001629 seconds 
========================================================================
Received Prepare
Registering precompiled user dll's ...
Registered in 0.007700 seconds.
Begin MonoManager ReloadAssembly
Symbol file LoadedFromMemory doesn't match image D:\Tasks\Task # 1\Task 1\Library\PackageCache\com.unity.visualscripting@1.7.8\Editor\VisualScripting.Core\Dependencies\DotNetZip\Unity.VisualScripting.IonicZip.dll
Symbol file LoadedFromMemory doesn't match image D:\Tasks\Task # 1\Task 1\Library\PackageCache\com.unity.visualscripting@1.7.8\Editor\VisualScripting.Core\Dependencies\YamlDotNet\Unity.VisualScripting.YamlDotNet.dll
Native extension for WindowsStandalone target not found
Native extension for Android target not found
Native extension for WebGL target not found
Refreshing native plugins compatible for Editor in 2.47 ms, found 7 plugins.
Preloading 0 native plugins for Editor in 0.00 ms.
[FlatKit] Example Renderer is missing RendererFeatures
This could be due to missing scripts or compile error.
UnityEngine.StackTraceUtility:ExtractStackTrace ()
UnityEngine.DebugLogHandler:LogFormat (UnityEngine.LogType,UnityEngine.Object,string,object[])
UnityEngine.Logger:Log (UnityEngine.LogType,object,UnityEngine.Object)
UnityEngine.Debug:LogError (object,UnityEngine.Object)
UnityEngine.Rendering.Universal.ScriptableRendererData:ValidateRendererFeatures () (at Library/PackageCache/com.unity.render-pipelines.universal@12.1.7/Runtime/ScriptableRendererData.cs:181)
UnityEngine.Rendering.Universal.ScriptableRendererData:OnValidate () (at Library/PackageCache/com.unity.render-pipelines.universal@12.1.7/Runtime/ScriptableRendererData.cs:76)
UnityEngine.Rendering.Universal.UniversalRendererData:OnValidate () (at Library/PackageCache/com.unity.render-pipelines.universal@12.1.7/Runtime/UniversalRendererData.cs:242)

(Filename: Library/PackageCache/com.unity.render-pipelines.universal@12.1.7/Runtime/ScriptableRendererData.cs Line: 181)

Mono: successfully reloaded assembly
- Completed reload, in  1.662 seconds
Domain Reload Profiling:
	ReloadAssembly (1663ms)
		BeginReloadAssembly (179ms)
			ExecutionOrderSort (0ms)
			DisableScriptedObjects (14ms)
			BackupInstance (0ms)
			ReleaseScriptingObjects (0ms)
			CreateAndSetChildDomain (65ms)
		EndReloadAssembly (1342ms)
			LoadAssemblies (97ms)
			RebuildTransferFunctionScriptingTraits (0ms)
			SetupTypeCache (414ms)
			ReleaseScriptCaches (2ms)
			RebuildScriptCaches (72ms)
			SetupLoadedEditorAssemblies (631ms)
				LogAssemblyErrors (0ms)
				InitializePlatformSupportModulesInManaged (25ms)
				SetLoadedEditorAssemblies (1ms)
				RefreshPlugins (3ms)
				BeforeProcessingInitializeOnLoad (117ms)
				ProcessInitializeOnLoadAttributes (366ms)
				ProcessInitializeOnLoadMethodAttributes (114ms)
				AfterProcessingInitializeOnLoad (5ms)
				EditorAssembliesLoaded (0ms)
			ExecutionOrderSort2 (0ms)
			AwakeInstancesAfterBackupRestoration (26ms)
Platform modules already initialized, skipping
Refreshing native plugins compatible for Editor in 9.30 ms, found 7 plugins.
Preloading 0 native plugins for Editor in 0.00 ms.
Unloading 5878 Unused Serialized files (Serialized files now loaded: 0)
Unloading 94 unused Assets / (1.4 MB). Loaded Objects now: 6654.
Memory consumption went from 283.0 MB to 281.6 MB.
Total: 11.062400 ms (FindLiveObjects: 1.043600 ms CreateObjectMapping: 1.034800 ms MarkObjects: 7.182000 ms  DeleteObjects: 1.800800 ms)

AssetImportParameters requested are different than current active one (requested -> active):
  custom:video-decoder-ogg-theora: a1e56fd34408186e4bbccfd4996cb3dc -> 
  custom:container-muxer-webm: aa71ff27fc2769a1b78a27578f13a17b -> 
  custom:container-demuxer-webm: 4f35f7cbe854078d1ac9338744f61a02 -> 
  custom:video-encoder-webm-vp8: eb34c28f22e8b96e1ab97ce403110664 -> 
  custom:audio-encoder-webm-vorbis: bf7c407c2cedff20999df2af8eb42d56 -> 
  custom:framework-win-MediaFoundation: 216162199b28c13a410421893ffa2e32 -> 
  custom:container-demuxer-ogg: 62fdf1f143b41e24485cea50d1cbac27 -> 
  custom:video-decoder-webm-vp8: 9c59270c3fd7afecdb556c50c9e8de78 -> 
  custom:audio-decoder-ogg-vorbis: bf7c407c2cedff20999df2af8eb42d56 -> 
